<?xml version="1.0" encoding="UTF-8"?>
<testsuite xmlns:xsi="http://www.w3.org/2001/XMLSchema-instance" xsi:noNamespaceSchemaLocation="https://maven.apache.org/surefire/maven-surefire-plugin/xsd/surefire-test-report-3.0.xsd" version="3.0" name="org.example.model.RoomTest" time="0.028" tests="4" errors="0" skipped="0" failures="0">
  <properties>
    <property name="java.specification.version" value="24"/>
    <property name="sun.jnu.encoding" value="UTF-8"/>
    <property name="java.class.path" value="/Users/4127392/IdeaProjects/rmit-care-home/target/test-classes:/Users/4127392/IdeaProjects/rmit-care-home/target/classes:/Users/4127392/.m2/repository/org/junit/jupiter/junit-jupiter-params/5.9.2/junit-jupiter-params-5.9.2.jar:/Users/4127392/.m2/repository/org/apiguardian/apiguardian-api/1.1.2/apiguardian-api-1.1.2.jar:/Users/4127392/.m2/repository/org/mockito/mockito-junit-jupiter/4.5.1/mockito-junit-jupiter-4.5.1.jar:/Users/4127392/.m2/repository/org/openjfx/javafx-controls/17.0.2/javafx-controls-17.0.2.jar:/Users/4127392/.m2/repository/org/openjfx/javafx-controls/17.0.2/javafx-controls-17.0.2-mac-aarch64.jar:/Users/4127392/.m2/repository/org/openjfx/javafx-graphics/17.0.2/javafx-graphics-17.0.2.jar:/Users/4127392/.m2/repository/org/openjfx/javafx-graphics/17.0.2/javafx-graphics-17.0.2-mac-aarch64.jar:/Users/4127392/.m2/repository/org/openjfx/javafx-base/17.0.2/javafx-base-17.0.2.jar:/Users/4127392/.m2/repository/org/openjfx/javafx-base/17.0.2/javafx-base-17.0.2-mac-aarch64.jar:/Users/4127392/.m2/repository/org/openjfx/javafx-fxml/17.0.2/javafx-fxml-17.0.2.jar:/Users/4127392/.m2/repository/org/openjfx/javafx-fxml/17.0.2/javafx-fxml-17.0.2-mac-aarch64.jar:/Users/4127392/.m2/repository/com/h2database/h2/2.1.214/h2-2.1.214.jar:/Users/4127392/.m2/repository/org/junit/jupiter/junit-jupiter-api/5.9.2/junit-jupiter-api-5.9.2.jar:/Users/4127392/.m2/repository/org/opentest4j/opentest4j/1.2.0/opentest4j-1.2.0.jar:/Users/4127392/.m2/repository/org/junit/platform/junit-platform-commons/1.9.2/junit-platform-commons-1.9.2.jar:/Users/4127392/.m2/repository/org/junit/jupiter/junit-jupiter-engine/5.9.2/junit-jupiter-engine-5.9.2.jar:/Users/4127392/.m2/repository/org/junit/platform/junit-platform-engine/1.9.2/junit-platform-engine-1.9.2.jar:/Users/4127392/.m2/repository/org/mockito/mockito-core/4.5.1/mockito-core-4.5.1.jar:/Users/4127392/.m2/repository/net/bytebuddy/byte-buddy/1.12.9/byte-buddy-1.12.9.jar:/Users/4127392/.m2/repository/net/bytebuddy/byte-buddy-agent/1.12.9/byte-buddy-agent-1.12.9.jar:/Users/4127392/.m2/repository/org/objenesis/objenesis/3.2/objenesis-3.2.jar:/Users/4127392/.m2/repository/org/mockito/mockito-inline/4.5.1/mockito-inline-4.5.1.jar:/Users/4127392/.m2/repository/org/slf4j/slf4j-api/2.0.5/slf4j-api-2.0.5.jar:/Users/4127392/.m2/repository/ch/qos/logback/logback-classic/1.4.6/logback-classic-1.4.6.jar:/Users/4127392/.m2/repository/ch/qos/logback/logback-core/1.4.6/logback-core-1.4.6.jar:"/>
    <property name="java.vm.vendor" value="Azul Systems, Inc."/>
    <property name="sun.arch.data.model" value="64"/>
    <property name="java.vendor.url" value="http://www.azul.com/"/>
    <property name="user.timezone" value="Asia/Kolkata"/>
    <property name="os.name" value="Mac OS X"/>
    <property name="java.vm.specification.version" value="24"/>
    <property name="sun.java.launcher" value="SUN_STANDARD"/>
    <property name="user.country" value="IN"/>
    <property name="sun.boot.library.path" value="/Library/Java/JavaVirtualMachines/zulu-24.jdk/Contents/Home/lib"/>
    <property name="sun.java.command" value="/Users/4127392/IdeaProjects/rmit-care-home/target/surefire/surefirebooter-20251010191109466_3.jar /Users/4127392/IdeaProjects/rmit-care-home/target/surefire 2025-10-10T19-11-09_370-jvmRun1 surefire-20251010191109466_1tmp surefire_0-20251010191109466_2tmp"/>
    <property name="jdk.debug" value="release"/>
    <property name="surefire.test.class.path" value="/Users/4127392/IdeaProjects/rmit-care-home/target/test-classes:/Users/4127392/IdeaProjects/rmit-care-home/target/classes:/Users/4127392/.m2/repository/org/junit/jupiter/junit-jupiter-params/5.9.2/junit-jupiter-params-5.9.2.jar:/Users/4127392/.m2/repository/org/apiguardian/apiguardian-api/1.1.2/apiguardian-api-1.1.2.jar:/Users/4127392/.m2/repository/org/mockito/mockito-junit-jupiter/4.5.1/mockito-junit-jupiter-4.5.1.jar:/Users/4127392/.m2/repository/org/openjfx/javafx-controls/17.0.2/javafx-controls-17.0.2.jar:/Users/4127392/.m2/repository/org/openjfx/javafx-controls/17.0.2/javafx-controls-17.0.2-mac-aarch64.jar:/Users/4127392/.m2/repository/org/openjfx/javafx-graphics/17.0.2/javafx-graphics-17.0.2.jar:/Users/4127392/.m2/repository/org/openjfx/javafx-graphics/17.0.2/javafx-graphics-17.0.2-mac-aarch64.jar:/Users/4127392/.m2/repository/org/openjfx/javafx-base/17.0.2/javafx-base-17.0.2.jar:/Users/4127392/.m2/repository/org/openjfx/javafx-base/17.0.2/javafx-base-17.0.2-mac-aarch64.jar:/Users/4127392/.m2/repository/org/openjfx/javafx-fxml/17.0.2/javafx-fxml-17.0.2.jar:/Users/4127392/.m2/repository/org/openjfx/javafx-fxml/17.0.2/javafx-fxml-17.0.2-mac-aarch64.jar:/Users/4127392/.m2/repository/com/h2database/h2/2.1.214/h2-2.1.214.jar:/Users/4127392/.m2/repository/org/junit/jupiter/junit-jupiter-api/5.9.2/junit-jupiter-api-5.9.2.jar:/Users/4127392/.m2/repository/org/opentest4j/opentest4j/1.2.0/opentest4j-1.2.0.jar:/Users/4127392/.m2/repository/org/junit/platform/junit-platform-commons/1.9.2/junit-platform-commons-1.9.2.jar:/Users/4127392/.m2/repository/org/junit/jupiter/junit-jupiter-engine/5.9.2/junit-jupiter-engine-5.9.2.jar:/Users/4127392/.m2/repository/org/junit/platform/junit-platform-engine/1.9.2/junit-platform-engine-1.9.2.jar:/Users/4127392/.m2/repository/org/mockito/mockito-core/4.5.1/mockito-core-4.5.1.jar:/Users/4127392/.m2/repository/net/bytebuddy/byte-buddy/1.12.9/byte-buddy-1.12.9.jar:/Users/4127392/.m2/repository/net/bytebuddy/byte-buddy-agent/1.12.9/byte-buddy-agent-1.12.9.jar:/Users/4127392/.m2/repository/org/objenesis/objenesis/3.2/objenesis-3.2.jar:/Users/4127392/.m2/repository/org/mockito/mockito-inline/4.5.1/mockito-inline-4.5.1.jar:/Users/4127392/.m2/repository/org/slf4j/slf4j-api/2.0.5/slf4j-api-2.0.5.jar:/Users/4127392/.m2/repository/ch/qos/logback/logback-classic/1.4.6/logback-classic-1.4.6.jar:/Users/4127392/.m2/repository/ch/qos/logback/logback-core/1.4.6/logback-core-1.4.6.jar:"/>
    <property name="sun.cpu.endian" value="little"/>
    <property name="user.home" value="/Users/4127392"/>
    <property name="user.language" value="en"/>
    <property name="java.specification.vendor" value="Oracle Corporation"/>
    <property name="java.version.date" value="2025-03-18"/>
    <property name="java.home" value="/Library/Java/JavaVirtualMachines/zulu-24.jdk/Contents/Home"/>
    <property name="file.separator" value="/"/>
    <property name="basedir" value="/Users/4127392/IdeaProjects/rmit-care-home"/>
    <property name="java.vm.compressedOopsMode" value="Zero based"/>
    <property name="line.separator" value="&#10;"/>
    <property name="java.vm.specification.vendor" value="Oracle Corporation"/>
    <property name="java.specification.name" value="Java Platform API Specification"/>
    <property name="apple.awt.application.name" value="ForkedBooter"/>
    <property name="surefire.real.class.path" value="/Users/4127392/IdeaProjects/rmit-care-home/target/surefire/surefirebooter-20251010191109466_3.jar"/>
    <property name="sun.management.compiler" value="HotSpot 64-Bit Tiered Compilers"/>
    <property name="java.runtime.version" value="24+36"/>
    <property name="user.name" value="4127392"/>
    <property name="stdout.encoding" value="UTF-8"/>
    <property name="path.separator" value=":"/>
    <property name="os.version" value="15.6.1"/>
    <property name="java.runtime.name" value="OpenJDK Runtime Environment"/>
    <property name="file.encoding" value="UTF-8"/>
    <property name="java.vm.name" value="OpenJDK 64-Bit Server VM"/>
    <property name="java.vendor.version" value="Zulu24.28+83-CA"/>
    <property name="localRepository" value="/Users/4127392/.m2/repository"/>
    <property name="java.vendor.url.bug" value="http://www.azul.com/support/"/>
    <property name="java.io.tmpdir" value="/var/folders/yf/_n7ckrpd6rn2bd3fb__vwkkc0000gp/T/"/>
    <property name="java.version" value="24"/>
    <property name="user.dir" value="/Users/4127392/IdeaProjects/rmit-care-home"/>
    <property name="os.arch" value="aarch64"/>
    <property name="java.vm.specification.name" value="Java Virtual Machine Specification"/>
    <property name="native.encoding" value="UTF-8"/>
    <property name="java.library.path" value="/Users/4127392/Library/Java/Extensions:/Library/Java/Extensions:/Network/Library/Java/Extensions:/System/Library/Java/Extensions:/usr/lib/java:."/>
    <property name="java.vm.info" value="mixed mode, sharing"/>
    <property name="stderr.encoding" value="UTF-8"/>
    <property name="java.vendor" value="Azul Systems, Inc."/>
    <property name="java.vm.version" value="24+36"/>
    <property name="sun.io.unicode.encoding" value="UnicodeBig"/>
    <property name="java.class.version" value="68.0"/>
  </properties>
  <testcase name="testBedCreation" classname="org.example.model.RoomTest" time="0.018"/>
  <testcase name="testToString" classname="org.example.model.RoomTest" time="0.001"/>
  <testcase name="testOccupancyCounts" classname="org.example.model.RoomTest" time="0.001"/>
  <testcase name="testRoomInitialization" classname="org.example.model.RoomTest" time="0.001"/>
</testsuite>